ERROR   2021-04-22 09:03:07,996 [http-nio-8080-exec-179] antdp.controllers.QuizServlet  - Index: 0, Size: 0
ERROR   2021-04-22 09:06:06,727 [http-nio-8080-exec-185] antdp.controllers.QuizServlet  - Index: 0, Size: 0
ERROR   2021-04-22 09:07:52,402 [http-nio-8080-exec-187] antdp.controllers.QuizServlet  - Index: 0, Size: 0
ERROR   2021-04-22 09:11:28,736 [http-nio-8080-exec-186] antdp.controllers.CreateQuestionServlet  - Incorrect syntax near '@P0'.
ERROR   2021-04-22 09:19:02,449 [http-nio-8080-exec-198] antdp.controllers.CreateQuestionServlet  - Incorrect syntax near '@P0'.
ERROR   2021-04-22 09:19:02,476 [http-nio-8080-exec-201] antdp.controllers.QuizServlet  - 
ERROR   2021-04-22 09:19:12,759 [http-nio-8080-exec-202] antdp.controllers.QuizServlet  - 
ERROR   2021-04-22 09:20:42,376 [http-nio-8080-exec-206] antdp.controllers.CreateQuestionServlet  - Incorrect syntax near '@P0'.
ERROR   2021-04-22 09:20:44,586 [http-nio-8080-exec-209] antdp.controllers.QuizServlet  - 
ERROR   2021-04-22 09:20:53,425 [http-nio-8080-exec-201] antdp.controllers.CreateQuestionServlet  - Incorrect syntax near '@P0'.
ERROR   2021-04-22 09:20:53,429 [http-nio-8080-exec-202] antdp.controllers.QuizServlet  - 
ERROR   2021-04-22 09:21:31,715 [http-nio-8080-exec-208] antdp.controllers.CreateQuestionServlet  - Incorrect syntax near '@P0'.
ERROR   2021-04-22 09:21:31,738 [http-nio-8080-exec-209] antdp.controllers.QuizServlet  - 
ERROR   2021-04-22 09:23:57,526 [http-nio-8080-exec-9] antdp.controllers.CreateQuestionServlet  - Incorrect syntax near '@P0'.
ERROR   2021-04-22 09:23:57,557 [http-nio-8080-exec-8] antdp.controllers.QuizServlet  - 
ERROR   2021-05-04 11:33:26,468 [http-nio-8080-exec-93] antdp.controllers.CreateQuestionServlet  - Must declare the scalar variable "@P1order".
ERROR   2021-05-04 11:33:41,710 [http-nio-8080-exec-94] antdp.controllers.QuizServlet  - 
ERROR   2021-05-04 11:34:00,473 [http-nio-8080-exec-95] antdp.controllers.QuizServlet  - 
ERROR   2021-05-04 11:34:43,482 [http-nio-8080-exec-101] antdp.controllers.CreateQuestionServlet  - Must declare the scalar variable "@P1order".
ERROR   2021-05-04 11:34:43,488 [http-nio-8080-exec-90] antdp.controllers.QuizServlet  - 
ERROR   2021-05-04 11:36:03,406 [http-nio-8080-exec-102] antdp.controllers.CreateQuestionServlet  - Must declare the scalar variable "@P1order".
ERROR   2021-05-04 11:36:29,139 [http-nio-8080-exec-109] antdp.controllers.QuizServlet  - 
ERROR   2021-05-04 11:36:32,027 [http-nio-8080-exec-108] antdp.controllers.CreateQuestionServlet  - Must declare the scalar variable "@P1order".
ERROR   2021-05-04 11:37:00,638 [http-nio-8080-exec-110] antdp.controllers.QuizServlet  - 
ERROR   2021-05-04 11:37:12,132 [http-nio-8080-exec-111] antdp.controllers.CreateQuestionServlet  - Must declare the scalar variable "@P1order".
ERROR   2021-05-04 11:37:12,137 [http-nio-8080-exec-112] antdp.controllers.QuizServlet  - 
ERROR   2021-05-04 11:37:29,885 [http-nio-8080-exec-111] antdp.controllers.CreateQuestionServlet  - Must declare the scalar variable "@P1order".
ERROR   2021-05-04 11:38:30,468 [http-nio-8080-exec-119] antdp.controllers.QuizServlet  - 
ERROR   2021-05-04 11:38:58,256 [http-nio-8080-exec-127] antdp.controllers.CreateQuestionServlet  - Must declare the scalar variable "@P1order".
ERROR   2021-05-04 11:39:59,991 [http-nio-8080-exec-124] antdp.controllers.QuizServlet  - 
ERROR   2021-05-04 11:43:22,511 [http-nio-8080-exec-130] antdp.controllers.CreateQuestionServlet  - Must declare the scalar variable "@P1order".
ERROR   2021-05-04 11:44:35,716 [http-nio-8080-exec-142] antdp.controllers.QuizServlet  - 
ERROR   2021-05-04 11:45:16,965 [http-nio-8080-exec-144] antdp.controllers.CreateQuestionServlet  - Must declare the scalar variable "@P1order".
ERROR   2021-05-04 11:45:16,968 [http-nio-8080-exec-145] antdp.controllers.QuizServlet  - 
ERROR   2021-05-04 11:45:32,351 [http-nio-8080-exec-150] antdp.controllers.CreateQuestionServlet  - Must declare the scalar variable "@P1order".
ERROR   2021-05-04 11:46:52,715 [http-nio-8080-exec-151] antdp.controllers.QuizServlet  - 
ERROR   2021-05-04 11:47:59,016 [http-nio-8080-exec-152] antdp.controllers.CreateQuestionServlet  - Must declare the scalar variable "@P1order".
ERROR   2021-05-04 11:47:59,020 [http-nio-8080-exec-154] antdp.controllers.QuizServlet  - 
ERROR   2021-05-04 11:49:44,494 [http-nio-8080-exec-161] antdp.controllers.CreateQuestionServlet  - Must declare the scalar variable "@P1order".
ERROR   2021-05-04 11:49:44,503 [http-nio-8080-exec-162] antdp.controllers.QuizServlet  - 
ERROR   2021-05-04 21:37:41,206 [http-nio-8080-exec-44] antdp.controllers.UpdateQuestionServlet  - The value is not set for the parameter number 2.
ERROR   2021-05-04 21:38:37,561 [http-nio-8080-exec-50] antdp.controllers.UpdateQuestionServlet  - The value is not set for the parameter number 2.
ERROR   2021-05-04 21:40:57,949 [http-nio-8080-exec-64] antdp.controllers.UpdateQuestionServlet  - The value is not set for the parameter number 2.
ERROR   2021-05-04 21:42:23,365 [http-nio-8080-exec-71] antdp.controllers.UpdateQuestionServlet  - The value is not set for the parameter number 2.
